Using pre-set license

 COMMAND LINE ARGUMENTS:
/Applications/Unity/Unity.app/Contents/MacOS/Unity
-adb2
-batchMode
-noUpm
-name
AssetImportWorker0
-projectPath
/Users/emilyweigandt/Desktop/VR/Unity/VR Room-Weigandt
-logFile
Logs/AssetImportWorker0.log
-srvPort
53251
Successfully changed project path to: /Users/emilyweigandt/Desktop/VR/Unity/VR Room-Weigandt
/Users/emilyweigandt/Desktop/VR/Unity/VR Room-Weigandt
Using Asset Import Pipeline V2.
Refreshing native plugins compatible for Editor in 96.84 ms, found 1 plugins.
Preloading 0 native plugins for Editor in 0.00 ms.
Initialize engine version: 2020.3.1f1 (77a89f25062f)
[Subsystems] Discovering subsystems at path /Applications/Unity/Unity.app/Contents/Resources/UnitySubsystems
[Subsystems] Discovering subsystems at path /Users/emilyweigandt/Desktop/VR/Unity/VR Room-Weigandt/Assets
GfxDevice: creating device client; threaded=0
2023-01-17 15:13:48.417 Unity[13030:259737] Color LCD preferred device: Intel(R) Iris(TM) Plus Graphics (low power)
2023-01-17 15:13:48.417 Unity[13030:259737] Metal devices available: 1
2023-01-17 15:13:48.417 Unity[13030:259737] 0: Intel(R) Iris(TM) Plus Graphics (low power)
2023-01-17 15:13:48.417 Unity[13030:259737] Using device Intel(R) Iris(TM) Plus Graphics (low power)
Initializing Metal device caps: Intel(R) Iris(TM) Plus Graphics
Shader 'Universal Render Pipeline/Particles/Lit': fallback shader 'Universal Render Pipeline/Particles/SimpleLit' not found
Initialize mono
Mono path[0] = '/Applications/Unity/Unity.app/Contents/Managed'
Mono path[1] = '/Applications/Unity/Unity.app/Contents/MonoBleedingEdge/lib/mono/unityjit'
Mono config path = '/Applications/Unity/Unity.app/Contents/MonoBleedingEdge/etc'
Using monoOptions --debugger-agent=transport=dt_socket,embedding=1,server=y,suspend=n,address=127.0.0.1:56030
Begin MonoManager ReloadAssembly
Registering precompiled unity dll's ...
Register platform support module: /Applications/Unity/Unity.app/Contents/PlaybackEngines/MacStandaloneSupport/UnityEditor.OSXStandalone.Extensions.dll
Registered in 0.001574 seconds.
Native extension for OSXStandalone target not found
Refreshing native plugins compatible for Editor in 78.60 ms, found 1 plugins.
Preloading 0 native plugins for Editor in 0.00 ms.
Invoked RoslynAnalysisRunner static constructor.
RoslynAnalysisRunner will not be running.
RoslynAnalysisRunner has terminated.
Mono: successfully reloaded assembly
- Completed reload, in  2.115 seconds
Platform modules already initialized, skipping
Registering precompiled user dll's ...
Registered in 0.007502 seconds.
Begin MonoManager ReloadAssembly
Native extension for OSXStandalone target not found
Refreshing native plugins compatible for Editor in 74.28 ms, found 1 plugins.
Preloading 0 native plugins for Editor in 0.00 ms.
Invoked RoslynAnalysisRunner static constructor.
RoslynAnalysisRunner will not be running.
RoslynAnalysisRunner has terminated.
Mono: successfully reloaded assembly
- Completed reload, in  1.473 seconds
Platform modules already initialized, skipping
========================================================================
Worker process is ready to serve import requests
Shader 'Universal Render Pipeline/Particles/Lit': fallback shader 'Universal Render Pipeline/Particles/SimpleLit' not found
Launching external process: /Applications/Unity/Unity.app/Contents/Tools/UnityShaderCompiler
Launched and connected shader compiler UnityShaderCompiler after 0.02 seconds
Refreshing native plugins compatible for Editor in 0.81 ms, found 1 plugins.
Preloading 0 native plugins for Editor in 0.00 ms.
Unloading 3106 Unused Serialized files (Serialized files now loaded: 0)
System memory in use before: 138.3 MB.
System memory in use after: 138.5 MB.

Unloading 26 unused Assets to reduce memory usage. Loaded Objects now: 3541.
Total: 2.740352 ms (FindLiveObjects: 0.298081 ms CreateObjectMapping: 0.107301 ms MarkObjects: 2.247427 ms  DeleteObjects: 0.086228 ms)

========================================================================
Received Import Request.
  path: Assets/Build/Room_1.1.unity
  artifactKey: Guid(d990d4a1e50b84223be7b835c3372b93) Importer(815301076,1909f56bfc062723c751e8b465ee728b)
Start importing Assets/Build/Room_1.1.unity using Guid(d990d4a1e50b84223be7b835c3372b93) Importer(815301076,1909f56bfc062723c751e8b465ee728b)  -> (artifact id: 'a8a50f2f7f6d76118dc04a3438ff8574') in 0.016429 seconds
  Import took 0.023659 seconds .

